生成启动时间为 2014/11/16 21:28:56。
     1>项目“G:\机器人视觉\wifi视觉\OpenCvProj 短跑\OpenCvProj\OpenCvProj\ColorTraceGui\ColorTraceGui.vcxproj”在节点 2 上(rebuild 个目标)。
     1>_PrepareForClean:
         正在删除文件“Debug\ColorTraceGui.lastbuildstate”。
     1>C:\Program Files (x86)\MSBuild\Microsoft.Cpp\v4.0\Microsoft.CppBuild.targets(299,5): warning MSB8004: Output 目录未以斜杠结尾。此生成实例将添加斜杠，因为必须有这个斜杠才能正确计算 Output 目录。
       InitializeBuildStatus:
         正在创建“Debug\ColorTraceGui.unsuccessfulbuild”，因为已指定“AlwaysCreate”。
       ClCompile:
         C:\Program Files (x86)\Microsoft Visual Studio 10.0\VC\bin\CL.exe /c /ZI /nologo /W3 /WX- /Od /Oy- /D WIN32 /D _WINDOWS /D _DEBUG /D _MBCS /Gm /EHsc /RTC1 /MTd /GS /fp:precise /Zc:wchar_t /Zc:forScope /Yc"StdAfx.h" /Fp"Debug\ColorTraceGui.pch" /Fo"Debug\\" /Fd"Debug\vc100.pdb" /Gd /TP /analyze- /errorReport:prompt stdafx.cpp
         stdafx.cpp
         C:\Program Files (x86)\Microsoft Visual Studio 10.0\VC\bin\CL.exe /c /ZI /nologo /W3 /WX- /Od /Oy- /D WIN32 /D _WINDOWS /D _DEBUG /D _MBCS /Gm /EHsc /RTC1 /MTd /GS /fp:precise /Zc:wchar_t /Zc:forScope /Yu"StdAfx.h" /Fp"Debug\ColorTraceGui.pch" /Fo"Debug\\" /Fd"Debug\vc100.pdb" /Gd /TP /analyze- /errorReport:prompt ColorTraceGui.cpp ColorTraceGuiDlg.cpp
         ColorTraceGuiDlg.cpp
     1>g:\机器人视觉\wifi视觉\opencvproj 短跑\opencvproj\opencvproj\colortracegui\colortraceguidlg.cpp(323): warning C4244: “=”: 从“short”转换到“char”，可能丢失数据
     1>g:\机器人视觉\wifi视觉\opencvproj 短跑\opencvproj\opencvproj\colortracegui\colortraceguidlg.cpp(324): warning C4244: “=”: 从“short”转换到“char”，可能丢失数据
         ColorTraceGui.cpp
         正在生成代码...
       ResourceCompile:
         C:\Program Files (x86)\Microsoft SDKs\Windows\v7.0A\bin\rc.exe /D _DEBUG /l"0x0804" /IDebug\ /nologo /fo"Debug\ColorTraceGui.res" ColorTraceGui.rc 
       ManifestResourceCompile:
         C:\Program Files (x86)\Microsoft SDKs\Windows\v7.0A\bin\rc.exe /nologo /fo"Debug\ColorTraceGui.exe.embed.manifest.res" Debug\ColorTraceGui_manifest.rc 
       Link:
         C:\Program Files (x86)\Microsoft Visual Studio 10.0\VC\bin\link.exe /ERRORREPORT:PROMPT /OUT:"..\Debug\ColorTraceGui.exe" /INCREMENTAL /NOLOGO /MANIFEST /ManifestFile:"Debug\ColorTraceGui.exe.intermediate.manifest" /MANIFESTUAC:"level='asInvoker' uiAccess='false'" /DEBUG /PDB:"G:\机器人视觉\wifi视觉\OpenCvProj 短跑\OpenCvProj\OpenCvProj\Debug\ColorTraceGui.pdb" /SUBSYSTEM:WINDOWS /TLBID:1 /DYNAMICBASE /NXCOMPAT /IMPLIB:"..\Debug\ColorTraceGui.lib" /MACHINE:X86 Debug\ColorTraceGui.res
         Debug\ColorTraceGui.exe.embed.manifest.res
         Debug\ColorTraceGui.obj
         Debug\ColorTraceGuiDlg.obj
         Debug\stdafx.obj
       Manifest:
         正在删除文件“Debug\ColorTraceGui.exe.embed.manifest”。
         C:\Program Files (x86)\Microsoft SDKs\Windows\v7.0A\bin\mt.exe /nologo /verbose /out:"Debug\ColorTraceGui.exe.embed.manifest" /manifest Debug\ColorTraceGui.exe.intermediate.manifest "C:\Program Files (x86)\Microsoft Visual Studio 10.0\VC\Include\Manifest\dpiaware.manifest"
         C:\Program Files (x86)\Microsoft SDKs\Windows\v7.0A\bin\rc.exe /nologo /fo"Debug\ColorTraceGui.exe.embed.manifest.res" Debug\ColorTraceGui_manifest.rc 
       LinkEmbedManifest:
         C:\Program Files (x86)\Microsoft Visual Studio 10.0\VC\bin\link.exe /ERRORREPORT:PROMPT /OUT:"..\Debug\ColorTraceGui.exe" /INCREMENTAL /NOLOGO /MANIFEST /ManifestFile:"Debug\ColorTraceGui.exe.intermediate.manifest" /MANIFESTUAC:"level='asInvoker' uiAccess='false'" /DEBUG /PDB:"G:\机器人视觉\wifi视觉\OpenCvProj 短跑\OpenCvProj\OpenCvProj\Debug\ColorTraceGui.pdb" /SUBSYSTEM:WINDOWS /TLBID:1 /DYNAMICBASE /NXCOMPAT /IMPLIB:"..\Debug\ColorTraceGui.lib" /MACHINE:X86 Debug\ColorTraceGui.res
         Debug\ColorTraceGui.exe.embed.manifest.res
         Debug\ColorTraceGui.obj
         Debug\ColorTraceGuiDlg.obj
         Debug\stdafx.obj
         ColorTraceGui.vcxproj -> G:\机器人视觉\wifi视觉\OpenCvProj 短跑\OpenCvProj\OpenCvProj\ColorTraceGui\..\Debug\ColorTraceGui.exe
       FinalizeBuildStatus:
         正在删除文件“Debug\ColorTraceGui.unsuccessfulbuild”。
         正在对“Debug\ColorTraceGui.lastbuildstate”执行 Touch 任务。
     1>已完成生成项目“G:\机器人视觉\wifi视觉\OpenCvProj 短跑\OpenCvProj\OpenCvProj\ColorTraceGui\ColorTraceGui.vcxproj”(rebuild 个目标)的操作。

生成成功。

已用时间 00:00:08.01
