..\Debug\ColorTraceGui.ilk
..\Debug\ColorTraceGui.pdb
G:\机器人视觉\wifi视觉\OpenCvProj 短跑\OpenCvProj\OpenCvProj\ColorTraceGui\..\Debug\ColorTraceGui.exe
G:\机器人视觉\wifi视觉\OpenCvProj 短跑\OpenCvProj\OpenCvProj\ColorTraceGui\Debug\cl.command.1.tlog
G:\机器人视觉\wifi视觉\OpenCvProj 短跑\OpenCvProj\OpenCvProj\ColorTraceGui\Debug\CL.read.1.tlog
G:\机器人视觉\wifi视觉\OpenCvProj 短跑\OpenCvProj\OpenCvProj\ColorTraceGui\Debug\CL.write.1.tlog
G:\机器人视觉\WIFI视觉\OPENCVPROJ 短跑\OPENCVPROJ\OPENCVPROJ\COLORTRACEGUI\DEBUG\COLORTRACEGUI.EXE.EMBED.MANIFEST
G:\机器人视觉\WIFI视觉\OPENCVPROJ 短跑\OPENCVPROJ\OPENCVPROJ\COLORTRACEGUI\DEBUG\COLORTRACEGUI.EXE.EMBED.MANIFEST.RES
G:\机器人视觉\WIFI视觉\OPENCVPROJ 短跑\OPENCVPROJ\OPENCVPROJ\COLORTRACEGUI\DEBUG\COLORTRACEGUI.EXE.INTERMEDIATE.MANIFEST
G:\机器人视觉\WIFI视觉\OPENCVPROJ 短跑\OPENCVPROJ\OPENCVPROJ\COLORTRACEGUI\DEBUG\COLORTRACEGUI.OBJ
G:\机器人视觉\WIFI视觉\OPENCVPROJ 短跑\OPENCVPROJ\OPENCVPROJ\COLORTRACEGUI\DEBUG\COLORTRACEGUI.PCH
G:\机器人视觉\WIFI视觉\OPENCVPROJ 短跑\OPENCVPROJ\OPENCVPROJ\COLORTRACEGUI\DEBUG\COLORTRACEGUI.RES
G:\机器人视觉\wifi视觉\OpenCvProj 短跑\OpenCvProj\OpenCvProj\ColorTraceGui\Debug\ColorTraceGui_manifest.rc
G:\机器人视觉\WIFI视觉\OPENCVPROJ 短跑\OPENCVPROJ\OPENCVPROJ\COLORTRACEGUI\DEBUG\COLORTRACEGUIDLG.OBJ
G:\机器人视觉\wifi视觉\OpenCvProj 短跑\OpenCvProj\OpenCvProj\ColorTraceGui\Debug\link.command.1.tlog
G:\机器人视觉\wifi视觉\OpenCvProj 短跑\OpenCvProj\OpenCvProj\ColorTraceGui\Debug\link.read.1.tlog
G:\机器人视觉\wifi视觉\OpenCvProj 短跑\OpenCvProj\OpenCvProj\ColorTraceGui\Debug\link.write.1.tlog
G:\机器人视觉\wifi视觉\OpenCvProj 短跑\OpenCvProj\OpenCvProj\ColorTraceGui\Debug\link-cvtres.read.1.tlog
G:\机器人视觉\wifi视觉\OpenCvProj 短跑\OpenCvProj\OpenCvProj\ColorTraceGui\Debug\link-cvtres.write.1.tlog
G:\机器人视觉\wifi视觉\OpenCvProj 短跑\OpenCvProj\OpenCvProj\ColorTraceGui\Debug\mt.command.1.tlog
G:\机器人视觉\wifi视觉\OpenCvProj 短跑\OpenCvProj\OpenCvProj\ColorTraceGui\Debug\mt.read.1.tlog
G:\机器人视觉\wifi视觉\OpenCvProj 短跑\OpenCvProj\OpenCvProj\ColorTraceGui\Debug\mt.write.1.tlog
G:\机器人视觉\wifi视觉\OpenCvProj 短跑\OpenCvProj\OpenCvProj\ColorTraceGui\Debug\rc.command.1.tlog
G:\机器人视觉\wifi视觉\OpenCvProj 短跑\OpenCvProj\OpenCvProj\ColorTraceGui\Debug\rc.read.1.tlog
G:\机器人视觉\wifi视觉\OpenCvProj 短跑\OpenCvProj\OpenCvProj\ColorTraceGui\Debug\rc.write.1.tlog
G:\机器人视觉\WIFI视觉\OPENCVPROJ 短跑\OPENCVPROJ\OPENCVPROJ\COLORTRACEGUI\DEBUG\STDAFX.OBJ
G:\机器人视觉\wifi视觉\OpenCvProj 短跑\OpenCvProj\OpenCvProj\ColorTraceGui\Debug\vc100.idb
G:\机器人视觉\WIFI视觉\OPENCVPROJ 短跑\OPENCVPROJ\OPENCVPROJ\COLORTRACEGUI\DEBUG\VC100.PDB
G:\机器人视觉\WIFI视觉\OPENCVPROJ 短跑\OPENCVPROJ\OPENCVPROJ\DEBUG\COLORTRACEGUI.EXE
G:\机器人视觉\WIFI视觉\OPENCVPROJ 短跑\OPENCVPROJ\OPENCVPROJ\DEBUG\COLORTRACEGUI.ILK
G:\机器人视觉\WIFI视觉\OPENCVPROJ 短跑\OPENCVPROJ\OPENCVPROJ\DEBUG\COLORTRACEGUI.PDB
