G:\机器人视觉\wifi视觉\OpenCvProj 短跑\OpenCvProj\OpenCvProj\ColorTraceGui\Release\cl.command.1.tlog
G:\机器人视觉\wifi视觉\OpenCvProj 短跑\OpenCvProj\OpenCvProj\ColorTraceGui\Release\CL.read.1.tlog
G:\机器人视觉\wifi视觉\OpenCvProj 短跑\OpenCvProj\OpenCvProj\ColorTraceGui\Release\CL.write.1.tlog
G:\机器人视觉\WIFI视觉\OPENCVPROJ 短跑\OPENCVPROJ\OPENCVPROJ\COLORTRACEGUI\RELEASE\COLORTRACEGUI.EXE.INTERMEDIATE.MANIFEST
G:\机器人视觉\WIFI视觉\OPENCVPROJ 短跑\OPENCVPROJ\OPENCVPROJ\COLORTRACEGUI\RELEASE\COLORTRACEGUI.OBJ
G:\机器人视觉\WIFI视觉\OPENCVPROJ 短跑\OPENCVPROJ\OPENCVPROJ\COLORTRACEGUI\RELEASE\COLORTRACEGUI.PCH
G:\机器人视觉\WIFI视觉\OPENCVPROJ 短跑\OPENCVPROJ\OPENCVPROJ\COLORTRACEGUI\RELEASE\COLORTRACEGUI.RES
G:\机器人视觉\WIFI视觉\OPENCVPROJ 短跑\OPENCVPROJ\OPENCVPROJ\COLORTRACEGUI\RELEASE\COLORTRACEGUIDLG.OBJ
G:\机器人视觉\wifi视觉\OpenCvProj 短跑\OpenCvProj\OpenCvProj\ColorTraceGui\Release\link.command.1.tlog
G:\机器人视觉\wifi视觉\OpenCvProj 短跑\OpenCvProj\OpenCvProj\ColorTraceGui\Release\link.read.1.tlog
G:\机器人视觉\wifi视觉\OpenCvProj 短跑\OpenCvProj\OpenCvProj\ColorTraceGui\Release\link.write.1.tlog
G:\机器人视觉\wifi视觉\OpenCvProj 短跑\OpenCvProj\OpenCvProj\ColorTraceGui\Release\link-cvtres.read.1.tlog
G:\机器人视觉\wifi视觉\OpenCvProj 短跑\OpenCvProj\OpenCvProj\ColorTraceGui\Release\link-cvtres.write.1.tlog
G:\机器人视觉\wifi视觉\OpenCvProj 短跑\OpenCvProj\OpenCvProj\ColorTraceGui\Release\mt.command.1.tlog
G:\机器人视觉\wifi视觉\OpenCvProj 短跑\OpenCvProj\OpenCvProj\ColorTraceGui\Release\mt.read.1.tlog
G:\机器人视觉\wifi视觉\OpenCvProj 短跑\OpenCvProj\OpenCvProj\ColorTraceGui\Release\mt.write.1.tlog
G:\机器人视觉\wifi视觉\OpenCvProj 短跑\OpenCvProj\OpenCvProj\ColorTraceGui\Release\rc.command.1.tlog
G:\机器人视觉\wifi视觉\OpenCvProj 短跑\OpenCvProj\OpenCvProj\ColorTraceGui\Release\rc.read.1.tlog
G:\机器人视觉\wifi视觉\OpenCvProj 短跑\OpenCvProj\OpenCvProj\ColorTraceGui\Release\rc.write.1.tlog
G:\机器人视觉\WIFI视觉\OPENCVPROJ 短跑\OPENCVPROJ\OPENCVPROJ\COLORTRACEGUI\RELEASE\STDAFX.OBJ
G:\机器人视觉\WIFI视觉\OPENCVPROJ 短跑\OPENCVPROJ\OPENCVPROJ\COLORTRACEGUI\RELEASE\VC100.PDB
G:\机器人视觉\WIFI视觉\OPENCVPROJ 短跑\OPENCVPROJ\OPENCVPROJ\RELEASE\COLORTRACEGUI.EXE
G:\机器人视觉\WIFI视觉\OPENCVPROJ 短跑\OPENCVPROJ\OPENCVPROJ\RELEASE\COLORTRACEGUI.PDB
